<?xml version="1.0" encoding="UTF-8"?>
<testsuite xmlns:xsi="http://www.w3.org/2001/XMLSchema-instance" xsi:noNamespaceSchemaLocation="https://maven.apache.org/surefire/maven-surefire-plugin/xsd/surefire-test-report.xsd" version="3.0.1" name="com.mycompany.app.SqrtTest" time="0.257" tests="16" errors="0" skipped="0" failures="0">
  <properties>
[...]
</properties>
  <testcase name="testIterFromGoodGuess" classname="com.mycompany.app.SqrtTest" time="0.066"/>
  <testcase name="testAverageEqualNumbers" classname="com.mycompany.app.SqrtTest" time="0.005"/>
  <testcase name="testCalcLargeNumber" classname="com.mycompany.app.SqrtTest" time="0.002"/>
  <testcase name="testImproveConvergesTowardsRoot" classname="com.mycompany.app.SqrtTest" time="0.003"/>
  <testcase name="testCalcIrrational" classname="com.mycompany.app.SqrtTest" time="0.006"/>
  <testcase name="testCalcSmallNumber" classname="com.mycompany.app.SqrtTest" time="0.002"/>
  <testcase name="testGoodBoundaryNearDelta" classname="com.mycompany.app.SqrtTest" time="0.004"/>
  <testcase name="testAverageOfTwoNumbers" classname="com.mycompany.app.SqrtTest" time="0.002"/>
  <testcase name="testGoodWhenGuessIsExact" classname="com.mycompany.app.SqrtTest" time="0.002"/>
  <testcase name="testCalcPerfectSquare1" classname="com.mycompany.app.SqrtTest" time="0.004"/>
  <testcase name="testCalcPerfectSquare4" classname="com.mycompany.app.SqrtTest" time="0.002"/>
  <testcase name="testCalcPerfectSquare9" classname="com.mycompany.app.SqrtTest" time="0.002"/>
  <testcase name="testAverageSymmetry" classname="com.mycompany.app.SqrtTest" time="0.005"/>
  <testcase name="testIterFromBadGuess" classname="com.mycompany.app.SqrtTest" time="0.003"/>
  <testcase name="testGoodWhenGuessFar" classname="com.mycompany.app.SqrtTest" time="0.002"/>
  <testcase name="testImproveOnExactRoot" classname="com.mycompany.app.SqrtTest" time="0.007"/>
</testsuite>